# JRE version: OpenJDK Runtime Environment (8.0_202) (build 1.8.0_202-release-1483-b49-5587405)
# Java VM: OpenJDK 64-Bit Server VM (25.202-b49-5587405 mixed mode linux-amd64 compressed oops)
Heap:
 PSYoungGen      total 204288K, used 12379K [0x00000000e0000000, 0x00000000f1080000, 0x0000000100000000)
  eden space 181760K, 0% used [0x00000000e0000000,0x00000000e0000000,0x00000000eb180000)
  from space 22528K, 54% used [0x00000000eb180000,0x00000000ebd96ec8,0x00000000ec780000)
  to   space 22016K, 0% used [0x00000000efb00000,0x00000000efb00000,0x00000000f1080000)
 ParOldGen       total 90624K, used 39183K [0x00000000a0000000, 0x00000000a5880000, 0x00000000e0000000)
  object space 90624K, 43% used [0x00000000a0000000,0x00000000a2643f38,0x00000000a5880000)
 Metaspace       used 57045K, capacity 58796K, committed 58968K, reserved 1099776K
  class space    used 7735K, capacity 8205K, committed 8320K, reserved 1048576K
GC Heap History (10 events):
Event: 19.144 GC heap after
Heap after GC invocations=9 (full 1):
 PSYoungGen      total 161792K, used 9478K [0x00000000e0000000, 0x00000000ed500000, 0x0000000100000000)
  eden space 148992K, 0% used [0x00000000e0000000,0x00000000e0000000,0x00000000e9180000)
  from space 12800K, 74% used [0x00000000e9e00000,0x00000000ea741a98,0x00000000eaa80000)
  to   space 12800K, 0% used [0x00000000e9180000,0x00000000e9180000,0x00000000e9e00000)
 ParOldGen       total 61440K, used 10493K [0x00000000a0000000, 0x00000000a3c00000, 0x00000000e0000000)
  object space 61440K, 17% used [0x00000000a0000000,0x00000000a0a3f600,0x00000000a3c00000)
 Metaspace       used 34519K, capacity 35226K, committed 35416K, reserved 1079296K
  class space    used 4743K, capacity 4966K, committed 4992K, reserved 1048576K
}
Event: 19.144 GC heap before
{Heap before GC invocations=10 (full 2):
 PSYoungGen      total 161792K, used 9478K [0x00000000e0000000, 0x00000000ed500000, 0x0000000100000000)
  eden space 148992K, 0% used [0x00000000e0000000,0x00000000e0000000,0x00000000e9180000)
  from space 12800K, 74% used [0x00000000e9e00000,0x00000000ea741a98,0x00000000eaa80000)
  to   space 12800K, 0% used [0x00000000e9180000,0x00000000e9180000,0x00000000e9e00000)
 ParOldGen       total 61440K, used 10493K [0x00000000a0000000, 0x00000000a3c00000, 0x00000000e0000000)
  object space 61440K, 17% used [0x00000000a0000000,0x00000000a0a3f600,0x00000000a3c00000)
 Metaspace       used 34519K, capacity 35226K, committed 35416K, reserved 1079296K
  class space    used 4743K, capacity 4966K, committed 4992K, reserved 1048576K
Event: 19.483 GC heap after
Heap after GC invocations=10 (full 2):
 PSYoungGen      total 161792K, used 0K [0x00000000e0000000, 0x00000000ed500000, 0x0000000100000000)
  eden space 148992K, 0% used [0x00000000e0000000,0x00000000e0000000,0x00000000e9180000)
  from space 12800K, 0% used [0x00000000e9e00000,0x00000000e9e00000,0x00000000eaa80000)
  to   space 12800K, 0% used [0x00000000e9180000,0x00000000e9180000,0x00000000e9e00000)
 ParOldGen       total 90624K, used 16117K [0x00000000a0000000, 0x00000000a5880000, 0x00000000e0000000)
  object space 90624K, 17% used [0x00000000a0000000,0x00000000a0fbd4d0,0x00000000a5880000)
 Metaspace       used 34516K, capacity 35214K, committed 35416K, reserved 1079296K
  class space    used 4742K, capacity 4964K, committed 4992K, reserved 1048576K
}
Event: 27.537 GC heap before
{Heap before GC invocations=11 (full 2):
 PSYoungGen      total 161792K, used 148992K [0x00000000e0000000, 0x00000000ed500000, 0x0000000100000000)
  eden space 148992K, 100% used [0x00000000e0000000,0x00000000e9180000,0x00000000e9180000)
  from space 12800K, 0% used [0x00000000e9e00000,0x00000000e9e00000,0x00000000eaa80000)
  to   space 12800K, 0% used [0x00000000e9180000,0x00000000e9180000,0x00000000e9e00000)
 ParOldGen       total 90624K, used 16117K [0x00000000a0000000, 0x00000000a5880000, 0x00000000e0000000)
  object space 90624K, 17% used [0x00000000a0000000,0x00000000a0fbd4d0,0x00000000a5880000)
 Metaspace       used 46003K, capacity 47114K, committed 47448K, reserved 1089536K
  class space    used 6204K, capacity 6520K, committed 6528K, reserved 1048576K
Event: 27.628 GC heap after
Heap after GC invocations=11 (full 2):
 PSYoungGen      total 161792K, used 12770K [0x00000000e0000000, 0x00000000ed780000, 0x0000000100000000)
  eden space 148992K, 0% used [0x00000000e0000000,0x00000000e0000000,0x00000000e9180000)
  from space 12800K, 99% used [0x00000000e9180000,0x00000000e9df8a50,0x00000000e9e00000)
  to   space 16384K, 0% used [0x00000000ec780000,0x00000000ec780000,0x00000000ed780000)
 ParOldGen       total 90624K, used 21326K [0x00000000a0000000, 0x00000000a5880000, 0x00000000e0000000)
  object space 90624K, 23% used [0x00000000a0000000,0x00000000a14d3968,0x00000000a5880000)
 Metaspace       used 46003K, capacity 47114K, committed 47448K, reserved 1089536K
  class space    used 6204K, capacity 6520K, committed 6528K, reserved 1048576K
}
Event: 33.649 GC heap before
{Heap before GC invocations=12 (full 2):
 PSYoungGen      total 161792K, used 161762K [0x00000000e0000000, 0x00000000ed780000, 0x0000000100000000)
  eden space 148992K, 100% used [0x00000000e0000000,0x00000000e9180000,0x00000000e9180000)
  from space 12800K, 99% used [0x00000000e9180000,0x00000000e9df8a50,0x00000000e9e00000)
  to   space 16384K, 0% used [0x00000000ec780000,0x00000000ec780000,0x00000000ed780000)
 ParOldGen       total 90624K, used 21326K [0x00000000a0000000, 0x00000000a5880000, 0x00000000e0000000)
  object space 90624K, 23% used [0x00000000a0000000,0x00000000a14d3968,0x00000000a5880000)
 Metaspace       used 54965K, capacity 56664K, committed 56792K, reserved 1097728K
  class space    used 7467K, capacity 7912K, committed 7936K, reserved 1048576K
Event: 33.778 GC heap after
Heap after GC invocations=12 (full 2):
 PSYoungGen      total 198144K, used 16356K [0x00000000e0000000, 0x00000000ee380000, 0x0000000100000000)
  eden space 181760K, 0% used [0x00000000e0000000,0x00000000e0000000,0x00000000eb180000)
  from space 16384K, 99% used [0x00000000ec780000,0x00000000ed7792f0,0x00000000ed780000)
  to   space 22528K, 0% used [0x00000000eb180000,0x00000000eb180000,0x00000000ec780000)
 ParOldGen       total 90624K, used 31383K [0x00000000a0000000, 0x00000000a5880000, 0x00000000e0000000)
  object space 90624K, 34% used [0x00000000a0000000,0x00000000a1ea5eb0,0x00000000a5880000)
 Metaspace       used 54965K, capacity 56664K, committed 56792K, reserved 1097728K
  class space    used 7467K, capacity 7912K, committed 7936K, reserved 1048576K
}
Event: 36.580 GC heap before
{Heap before GC invocations=13 (full 2):
 PSYoungGen      total 198144K, used 56490K [0x00000000e0000000, 0x00000000ee380000, 0x0000000100000000)
  eden space 181760K, 22% used [0x00000000e0000000,0x00000000e27315a8,0x00000000eb180000)
  from space 16384K, 99% used [0x00000000ec780000,0x00000000ed7792f0,0x00000000ed780000)
  to   space 22528K, 0% used [0x00000000eb180000,0x00000000eb180000,0x00000000ec780000)
 ParOldGen       total 90624K, used 31383K [0x00000000a0000000, 0x00000000a5880000, 0x00000000e0000000)
  object space 90624K, 34% used [0x00000000a0000000,0x00000000a1ea5eb0,0x00000000a5880000)
 Metaspace       used 57045K, capacity 58796K, committed 58968K, reserved 1099776K
  class space    used 7735K, capacity 8205K, committed 8320K, reserved 1048576K
Event: 36.706 GC heap after
Heap after GC invocations=13 (full 2):
 PSYoungGen      total 204288K, used 12379K [0x00000000e0000000, 0x00000000f1080000, 0x0000000100000000)
  eden space 181760K, 0% used [0x00000000e0000000,0x00000000e0000000,0x00000000eb180000)
  from space 22528K, 54% used [0x00000000eb180000,0x00000000ebd96ec8,0x00000000ec780000)
  to   space 22016K, 0% used [0x00000000efb00000,0x00000000efb00000,0x00000000f1080000)
 ParOldGen       total 90624K, used 39183K [0x00000000a0000000, 0x00000000a5880000, 0x00000000e0000000)
  object space 90624K, 43% used [0x00000000a0000000,0x00000000a2643f38,0x00000000a5880000)
 Metaspace       used 57045K, capacity 58796K, committed 58968K, reserved 1099776K
  class space    used 7735K, capacity 8205K, committed 8320K, reserved 1048576K
}
Event: 36.706 GC heap before
{Heap before GC invocations=14 (full 3):
 PSYoungGen      total 204288K, used 12379K [0x00000000e0000000, 0x00000000f1080000, 0x0000000100000000)
  eden space 181760K, 0% used [0x00000000e0000000,0x00000000e0000000,0x00000000eb180000)
  from space 22528K, 54% used [0x00000000eb180000,0x00000000ebd96ec8,0x00000000ec780000)
  to   space 22016K, 0% used [0x00000000efb00000,0x00000000efb00000,0x00000000f1080000)
 ParOldGen       total 90624K, used 39183K [0x00000000a0000000, 0x00000000a5880000, 0x00000000e0000000)
  object space 90624K, 43% used [0x00000000a0000000,0x00000000a2643f38,0x00000000a5880000)
 Metaspace       used 57045K, capacity 58796K, committed 58968K, reserved 1099776K
  class space    used 7735K, capacity 8205K, committed 8320K, reserved 1048576K

