# JRE version: OpenJDK Runtime Environment (8.0_202) (build 1.8.0_202-release-1483-b49-5587405)
# Java VM: OpenJDK 64-Bit Server VM (25.202-b49-5587405 mixed mode linux-amd64 compressed oops)
Heap:
 PSYoungGen      total 212992K, used 2640K [0x00000000e0000000, 0x00000000f2880000, 0x0000000100000000)
  eden space 189952K, 0% used [0x00000000e0000000,0x00000000e0000000,0x00000000eb980000)
  from space 23040K, 11% used [0x00000000eb980000,0x00000000ebc143f8,0x00000000ed000000)
  to   space 23552K, 0% used [0x00000000f1180000,0x00000000f1180000,0x00000000f2880000)
 ParOldGen       total 91648K, used 49198K [0x00000000a0000000, 0x00000000a5980000, 0x00000000e0000000)
  object space 91648K, 53% used [0x00000000a0000000,0x00000000a300b8b8,0x00000000a5980000)
 Metaspace       used 57139K, capacity 58824K, committed 58968K, reserved 1099776K
  class space    used 7762K, capacity 8233K, committed 8320K, reserved 1048576K
GC Heap History (10 events):
Event: 19.370 GC heap after
Heap after GC invocations=9 (full 1):
 PSYoungGen      total 167936K, used 9584K [0x00000000e0000000, 0x00000000ee100000, 0x0000000100000000)
  eden space 155136K, 0% used [0x00000000e0000000,0x00000000e0000000,0x00000000e9780000)
  from space 12800K, 74% used [0x00000000ea480000,0x00000000eaddc1b0,0x00000000eb100000)
  to   space 13312K, 0% used [0x00000000e9780000,0x00000000e9780000,0x00000000ea480000)
 ParOldGen       total 61952K, used 10488K [0x00000000a0000000, 0x00000000a3c80000, 0x00000000e0000000)
  object space 61952K, 16% used [0x00000000a0000000,0x00000000a0a3e020,0x00000000a3c80000)
 Metaspace       used 34453K, capacity 35168K, committed 35416K, reserved 1079296K
  class space    used 4737K, capacity 4967K, committed 4992K, reserved 1048576K
}
Event: 19.370 GC heap before
{Heap before GC invocations=10 (full 2):
 PSYoungGen      total 167936K, used 9584K [0x00000000e0000000, 0x00000000ee100000, 0x0000000100000000)
  eden space 155136K, 0% used [0x00000000e0000000,0x00000000e0000000,0x00000000e9780000)
  from space 12800K, 74% used [0x00000000ea480000,0x00000000eaddc1b0,0x00000000eb100000)
  to   space 13312K, 0% used [0x00000000e9780000,0x00000000e9780000,0x00000000ea480000)
 ParOldGen       total 61952K, used 10488K [0x00000000a0000000, 0x00000000a3c80000, 0x00000000e0000000)
  object space 61952K, 16% used [0x00000000a0000000,0x00000000a0a3e020,0x00000000a3c80000)
 Metaspace       used 34453K, capacity 35168K, committed 35416K, reserved 1079296K
  class space    used 4737K, capacity 4967K, committed 4992K, reserved 1048576K
Event: 19.726 GC heap after
Heap after GC invocations=10 (full 2):
 PSYoungGen      total 167936K, used 0K [0x00000000e0000000, 0x00000000ee100000, 0x0000000100000000)
  eden space 155136K, 0% used [0x00000000e0000000,0x00000000e0000000,0x00000000e9780000)
  from space 12800K, 0% used [0x00000000ea480000,0x00000000ea480000,0x00000000eb100000)
  to   space 13312K, 0% used [0x00000000e9780000,0x00000000e9780000,0x00000000ea480000)
 ParOldGen       total 91648K, used 16183K [0x00000000a0000000, 0x00000000a5980000, 0x00000000e0000000)
  object space 91648K, 17% used [0x00000000a0000000,0x00000000a0fcde90,0x00000000a5980000)
 Metaspace       used 34448K, capacity 35150K, committed 35416K, reserved 1079296K
  class space    used 4736K, capacity 4964K, committed 4992K, reserved 1048576K
}
Event: 28.149 GC heap before
{Heap before GC invocations=11 (full 2):
 PSYoungGen      total 167936K, used 155136K [0x00000000e0000000, 0x00000000ee100000, 0x0000000100000000)
  eden space 155136K, 100% used [0x00000000e0000000,0x00000000e9780000,0x00000000e9780000)
  from space 12800K, 0% used [0x00000000ea480000,0x00000000ea480000,0x00000000eb100000)
  to   space 13312K, 0% used [0x00000000e9780000,0x00000000e9780000,0x00000000ea480000)
 ParOldGen       total 91648K, used 16183K [0x00000000a0000000, 0x00000000a5980000, 0x00000000e0000000)
  object space 91648K, 17% used [0x00000000a0000000,0x00000000a0fcde90,0x00000000a5980000)
 Metaspace       used 46120K, capacity 47170K, committed 47448K, reserved 1089536K
  class space    used 6218K, capacity 6520K, committed 6528K, reserved 1048576K
Event: 28.291 GC heap after
Heap after GC invocations=11 (full 2):
 PSYoungGen      total 168448K, used 13294K [0x00000000e0000000, 0x00000000ee080000, 0x0000000100000000)
  eden space 155136K, 0% used [0x00000000e0000000,0x00000000e0000000,0x00000000e9780000)
  from space 13312K, 99% used [0x00000000e9780000,0x00000000ea47b9d8,0x00000000ea480000)
  to   space 16896K, 0% used [0x00000000ed000000,0x00000000ed000000,0x00000000ee080000)
 ParOldGen       total 91648K, used 21558K [0x00000000a0000000, 0x00000000a5980000, 0x00000000e0000000)
  object space 91648K, 23% used [0x00000000a0000000,0x00000000a150d9c8,0x00000000a5980000)
 Metaspace       used 46120K, capacity 47170K, committed 47448K, reserved 1089536K
  class space    used 6218K, capacity 6520K, committed 6528K, reserved 1048576K
}
Event: 34.345 GC heap before
{Heap before GC invocations=12 (full 2):
 PSYoungGen      total 168448K, used 168430K [0x00000000e0000000, 0x00000000ee080000, 0x0000000100000000)
  eden space 155136K, 100% used [0x00000000e0000000,0x00000000e9780000,0x00000000e9780000)
  from space 13312K, 99% used [0x00000000e9780000,0x00000000ea47b9d8,0x00000000ea480000)
  to   space 16896K, 0% used [0x00000000ed000000,0x00000000ed000000,0x00000000ee080000)
 ParOldGen       total 91648K, used 21558K [0x00000000a0000000, 0x00000000a5980000, 0x00000000e0000000)
  object space 91648K, 23% used [0x00000000a0000000,0x00000000a150d9c8,0x00000000a5980000)
 Metaspace       used 55531K, capacity 57240K, committed 57432K, reserved 1099776K
  class space    used 7551K, capacity 7999K, committed 8064K, reserved 1048576K
Event: 34.394 GC heap after
Heap after GC invocations=12 (full 2):
 PSYoungGen      total 206848K, used 16884K [0x00000000e0000000, 0x00000000ee900000, 0x0000000100000000)
  eden space 189952K, 0% used [0x00000000e0000000,0x00000000e0000000,0x00000000eb980000)
  from space 16896K, 99% used [0x00000000ed000000,0x00000000ee07d320,0x00000000ee080000)
  to   space 23040K, 0% used [0x00000000eb980000,0x00000000eb980000,0x00000000ed000000)
 ParOldGen       total 91648K, used 32517K [0x00000000a0000000, 0x00000000a5980000, 0x00000000e0000000)
  object space 91648K, 35% used [0x00000000a0000000,0x00000000a1fc1690,0x00000000a5980000)
 Metaspace       used 55531K, capacity 57240K, committed 57432K, reserved 1099776K
  class space    used 7551K, capacity 7999K, committed 8064K, reserved 1048576K
}
Event: 36.014 GC heap before
{Heap before GC invocations=13 (full 2):
 PSYoungGen      total 206848K, used 42955K [0x00000000e0000000, 0x00000000ee900000, 0x0000000100000000)
  eden space 189952K, 13% used [0x00000000e0000000,0x00000000e19759b0,0x00000000eb980000)
  from space 16896K, 99% used [0x00000000ed000000,0x00000000ee07d320,0x00000000ee080000)
  to   space 23040K, 0% used [0x00000000eb980000,0x00000000eb980000,0x00000000ed000000)
 ParOldGen       total 91648K, used 32517K [0x00000000a0000000, 0x00000000a5980000, 0x00000000e0000000)
  object space 91648K, 35% used [0x00000000a0000000,0x00000000a1fc1690,0x00000000a5980000)
 Metaspace       used 57139K, capacity 58824K, committed 58968K, reserved 1099776K
  class space    used 7762K, capacity 8233K, committed 8320K, reserved 1048576K
Event: 36.207 GC heap after
Heap after GC invocations=13 (full 2):
 PSYoungGen      total 212992K, used 2640K [0x00000000e0000000, 0x00000000f2880000, 0x0000000100000000)
  eden space 189952K, 0% used [0x00000000e0000000,0x00000000e0000000,0x00000000eb980000)
  from space 23040K, 11% used [0x00000000eb980000,0x00000000ebc143f8,0x00000000ed000000)
  to   space 23552K, 0% used [0x00000000f1180000,0x00000000f1180000,0x00000000f2880000)
 ParOldGen       total 91648K, used 49198K [0x00000000a0000000, 0x00000000a5980000, 0x00000000e0000000)
  object space 91648K, 53% used [0x00000000a0000000,0x00000000a300b8b8,0x00000000a5980000)
 Metaspace       used 57139K, capacity 58824K, committed 58968K, reserved 1099776K
  class space    used 7762K, capacity 8233K, committed 8320K, reserved 1048576K
}
Event: 36.207 GC heap before
{Heap before GC invocations=14 (full 3):
 PSYoungGen      total 212992K, used 2640K [0x00000000e0000000, 0x00000000f2880000, 0x0000000100000000)
  eden space 189952K, 0% used [0x00000000e0000000,0x00000000e0000000,0x00000000eb980000)
  from space 23040K, 11% used [0x00000000eb980000,0x00000000ebc143f8,0x00000000ed000000)
  to   space 23552K, 0% used [0x00000000f1180000,0x00000000f1180000,0x00000000f2880000)
 ParOldGen       total 91648K, used 49198K [0x00000000a0000000, 0x00000000a5980000, 0x00000000e0000000)
  object space 91648K, 53% used [0x00000000a0000000,0x00000000a300b8b8,0x00000000a5980000)
 Metaspace       used 57139K, capacity 58824K, committed 58968K, reserved 1099776K
  class space    used 7762K, capacity 8233K, committed 8320K, reserved 1048576K

