# JRE version: OpenJDK Runtime Environment (8.0_202-b03) (build 1.8.0_202-release-1483-b03)
# Java VM: OpenJDK 64-Bit Server VM (25.202-b03 mixed mode windows-amd64 compressed oops)
Heap:
 PSYoungGen      total 167424K, used 75591K [0x00000000e0000000, 0x00000000ee680000, 0x0000000100000000)
  eden space 155648K, 48% used [0x00000000e0000000,0x00000000e49d1f20,0x00000000e9800000)
  from space 11776K, 0% used [0x00000000eaa80000,0x00000000eaa80000,0x00000000eb600000)
  to   space 18944K, 0% used [0x00000000e9800000,0x00000000e9800000,0x00000000eaa80000)
 ParOldGen       total 79872K, used 38753K [0x00000000a0000000, 0x00000000a4e00000, 0x00000000e0000000)
  object space 79872K, 48% used [0x00000000a0000000,0x00000000a25d8460,0x00000000a4e00000)
 Metaspace       used 60209K, capacity 62242K, committed 62424K, reserved 1103872K
  class space    used 8190K, capacity 8681K, committed 8704K, reserved 1048576K
GC Heap History (10 events):
Event: 14.842 GC heap before
{Heap before GC invocations=11 (full 2):
 PSYoungGen      total 123392K, used 10720K [0x00000000e0000000, 0x00000000eb600000, 0x0000000100000000)
  eden space 112640K, 0% used [0x00000000e0000000,0x00000000e0000000,0x00000000e6e00000)
  from space 10752K, 99% used [0x00000000e6e00000,0x00000000e78782b8,0x00000000e7880000)
  to   space 11776K, 0% used [0x00000000eaa80000,0x00000000eaa80000,0x00000000eb600000)
 ParOldGen       total 53760K, used 8125K [0x00000000a0000000, 0x00000000a3480000, 0x00000000e0000000)
  object space 53760K, 15% used [0x00000000a0000000,0x00000000a07ef7b8,0x00000000a3480000)
 Metaspace       used 34483K, capacity 35240K, committed 35416K, reserved 1079296K
  class space    used 4744K, capacity 4971K, committed 4992K, reserved 1048576K
Event: 14.968 GC heap after
Heap after GC invocations=11 (full 2):
 PSYoungGen      total 123392K, used 0K [0x00000000e0000000, 0x00000000eb600000, 0x0000000100000000)
  eden space 112640K, 0% used [0x00000000e0000000,0x00000000e0000000,0x00000000e6e00000)
  from space 10752K, 0% used [0x00000000e6e00000,0x00000000e6e00000,0x00000000e7880000)
  to   space 11776K, 0% used [0x00000000eaa80000,0x00000000eaa80000,0x00000000eb600000)
 ParOldGen       total 79872K, used 17425K [0x00000000a0000000, 0x00000000a4e00000, 0x00000000e0000000)
  object space 79872K, 21% used [0x00000000a0000000,0x00000000a1104558,0x00000000a4e00000)
 Metaspace       used 34473K, capacity 35204K, committed 35416K, reserved 1079296K
  class space    used 4741K, capacity 4965K, committed 4992K, reserved 1048576K
}
Event: 18.515 GC heap before
{Heap before GC invocations=12 (full 2):
 PSYoungGen      total 123392K, used 112640K [0x00000000e0000000, 0x00000000eb600000, 0x0000000100000000)
  eden space 112640K, 100% used [0x00000000e0000000,0x00000000e6e00000,0x00000000e6e00000)
  from space 10752K, 0% used [0x00000000e6e00000,0x00000000e6e00000,0x00000000e7880000)
  to   space 11776K, 0% used [0x00000000eaa80000,0x00000000eaa80000,0x00000000eb600000)
 ParOldGen       total 79872K, used 17425K [0x00000000a0000000, 0x00000000a4e00000, 0x00000000e0000000)
  object space 79872K, 21% used [0x00000000a0000000,0x00000000a1104558,0x00000000a4e00000)
 Metaspace       used 45395K, capacity 46368K, committed 46808K, reserved 1089536K
  class space    used 6086K, capacity 6357K, committed 6400K, reserved 1048576K
Event: 18.546 GC heap after
Heap after GC invocations=12 (full 2):
 PSYoungGen      total 161280K, used 11771K [0x00000000e0000000, 0x00000000eb600000, 0x0000000100000000)
  eden space 149504K, 0% used [0x00000000e0000000,0x00000000e0000000,0x00000000e9200000)
  from space 11776K, 99% used [0x00000000eaa80000,0x00000000eb5fec18,0x00000000eb600000)
  to   space 14336K, 0% used [0x00000000e9a00000,0x00000000e9a00000,0x00000000ea800000)
 ParOldGen       total 79872K, used 20712K [0x00000000a0000000, 0x00000000a4e00000, 0x00000000e0000000)
  object space 79872K, 25% used [0x00000000a0000000,0x00000000a143a1f0,0x00000000a4e00000)
 Metaspace       used 45395K, capacity 46368K, committed 46808K, reserved 1089536K
  class space    used 6086K, capacity 6357K, committed 6400K, reserved 1048576K
}
Event: 23.140 GC heap before
{Heap before GC invocations=13 (full 2):
 PSYoungGen      total 161280K, used 161275K [0x00000000e0000000, 0x00000000eb600000, 0x0000000100000000)
  eden space 149504K, 100% used [0x00000000e0000000,0x00000000e9200000,0x00000000e9200000)
  from space 11776K, 99% used [0x00000000eaa80000,0x00000000eb5fec18,0x00000000eb600000)
  to   space 14336K, 0% used [0x00000000e9a00000,0x00000000e9a00000,0x00000000ea800000)
 ParOldGen       total 79872K, used 20712K [0x00000000a0000000, 0x00000000a4e00000, 0x00000000e0000000)
  object space 79872K, 25% used [0x00000000a0000000,0x00000000a143a1f0,0x00000000a4e00000)
 Metaspace       used 54305K, capacity 55748K, committed 55896K, reserved 1097728K
  class space    used 7322K, capacity 7696K, committed 7808K, reserved 1048576K
Event: 23.244 GC heap after
Heap after GC invocations=13 (full 2):
 PSYoungGen      total 163840K, used 14310K [0x00000000e0000000, 0x00000000eb600000, 0x0000000100000000)
  eden space 149504K, 0% used [0x00000000e0000000,0x00000000e0000000,0x00000000e9200000)
  from space 14336K, 99% used [0x00000000e9a00000,0x00000000ea7f9800,0x00000000ea800000)
  to   space 11776K, 0% used [0x00000000eaa80000,0x00000000eaa80000,0x00000000eb600000)
 ParOldGen       total 79872K, used 29723K [0x00000000a0000000, 0x00000000a4e00000, 0x00000000e0000000)
  object space 79872K, 37% used [0x00000000a0000000,0x00000000a1d06ea8,0x00000000a4e00000)
 Metaspace       used 54305K, capacity 55748K, committed 55896K, reserved 1097728K
  class space    used 7322K, capacity 7696K, committed 7808K, reserved 1048576K
}
Event: 26.023 GC heap before
{Heap before GC invocations=14 (full 2):
 PSYoungGen      total 163840K, used 86494K [0x00000000e0000000, 0x00000000eb600000, 0x0000000100000000)
  eden space 149504K, 48% used [0x00000000e0000000,0x00000000e467e390,0x00000000e9200000)
  from space 14336K, 99% used [0x00000000e9a00000,0x00000000ea7f9800,0x00000000ea800000)
  to   space 11776K, 0% used [0x00000000eaa80000,0x00000000eaa80000,0x00000000eb600000)
 ParOldGen       total 79872K, used 29723K [0x00000000a0000000, 0x00000000a4e00000, 0x00000000e0000000)
  object space 79872K, 37% used [0x00000000a0000000,0x00000000a1d06ea8,0x00000000a4e00000)
 Metaspace       used 57091K, capacity 58830K, committed 59028K, reserved 1099776K
  class space    used 7714K, capacity 8173K, committed 8192K, reserved 1048576K
Event: 26.053 GC heap after
Heap after GC invocations=14 (full 2):
 PSYoungGen      total 167424K, used 7796K [0x00000000e0000000, 0x00000000ee680000, 0x0000000100000000)
  eden space 155648K, 0% used [0x00000000e0000000,0x00000000e0000000,0x00000000e9800000)
  from space 11776K, 66% used [0x00000000eaa80000,0x00000000eb21d218,0x00000000eb600000)
  to   space 18944K, 0% used [0x00000000e9800000,0x00000000e9800000,0x00000000eaa80000)
 ParOldGen       total 79872K, used 39072K [0x00000000a0000000, 0x00000000a4e00000, 0x00000000e0000000)
  object space 79872K, 48% used [0x00000000a0000000,0x00000000a2628360,0x00000000a4e00000)
 Metaspace       used 57091K, capacity 58830K, committed 59028K, reserved 1099776K
  class space    used 7714K, capacity 8173K, committed 8192K, reserved 1048576K
}
Event: 26.053 GC heap before
{Heap before GC invocations=15 (full 3):
 PSYoungGen      total 167424K, used 7796K [0x00000000e0000000, 0x00000000ee680000, 0x0000000100000000)
  eden space 155648K, 0% used [0x00000000e0000000,0x00000000e0000000,0x00000000e9800000)
  from space 11776K, 66% used [0x00000000eaa80000,0x00000000eb21d218,0x00000000eb600000)
  to   space 18944K, 0% used [0x00000000e9800000,0x00000000e9800000,0x00000000eaa80000)
 ParOldGen       total 79872K, used 39072K [0x00000000a0000000, 0x00000000a4e00000, 0x00000000e0000000)
  object space 79872K, 48% used [0x00000000a0000000,0x00000000a2628360,0x00000000a4e00000)
 Metaspace       used 57091K, capacity 58830K, committed 59028K, reserved 1099776K
  class space    used 7714K, capacity 8173K, committed 8192K, reserved 1048576K
Event: 26.478 GC heap after
Heap after GC invocations=15 (full 3):
 PSYoungGen      total 167424K, used 0K [0x00000000e0000000, 0x00000000ee680000, 0x0000000100000000)
  eden space 155648K, 0% used [0x00000000e0000000,0x00000000e0000000,0x00000000e9800000)
  from space 11776K, 0% used [0x00000000eaa80000,0x00000000eaa80000,0x00000000eb600000)
  to   space 18944K, 0% used [0x00000000e9800000,0x00000000e9800000,0x00000000eaa80000)
 ParOldGen       total 79872K, used 38753K [0x00000000a0000000, 0x00000000a4e00000, 0x00000000e0000000)
  object space 79872K, 48% used [0x00000000a0000000,0x00000000a25d8460,0x00000000a4e00000)
 Metaspace       used 57091K, capacity 58830K, committed 59028K, reserved 1099776K
  class space    used 7714K, capacity 8173K, committed 8192K, reserved 1048576K
}

