# JRE version: OpenJDK Runtime Environment (8.0_202) (build 1.8.0_202-release-1483-b49-5587405)
# Java VM: OpenJDK 64-Bit Server VM (25.202-b49-5587405 mixed mode linux-amd64 compressed oops)
Heap:
 PSYoungGen      total 261120K, used 46756K [0x00000000e0000000, 0x00000000f3080000, 0x0000000100000000)
  eden space 244224K, 12% used [0x00000000e0000000,0x00000000e1d436f0,0x00000000eee80000)
  from space 16896K, 99% used [0x00000000f2000000,0x00000000f3065ae8,0x00000000f3080000)
  to   space 25088K, 0% used [0x00000000eff80000,0x00000000eff80000,0x00000000f1800000)
 ParOldGen       total 130048K, used 37744K [0x00000000a0000000, 0x00000000a7f00000, 0x00000000e0000000)
  object space 130048K, 29% used [0x00000000a0000000,0x00000000a24dc1d0,0x00000000a7f00000)
 Metaspace       used 64342K, capacity 66744K, committed 66984K, reserved 1107968K
  class space    used 8776K, capacity 9373K, committed 9384K, reserved 1048576K
GC Heap History (10 events):
Event: 24.912 GC heap before
{Heap before GC invocations=11 (full 2):
 PSYoungGen      total 155648K, used 142848K [0x00000000e0000000, 0x00000000ede80000, 0x0000000100000000)
  eden space 142848K, 100% used [0x00000000e0000000,0x00000000e8b80000,0x00000000e8b80000)
  from space 12800K, 0% used [0x00000000e9880000,0x00000000e9880000,0x00000000ea500000)
  to   space 13312K, 0% used [0x00000000e8b80000,0x00000000e8b80000,0x00000000e9880000)
 ParOldGen       total 87040K, used 16264K [0x00000000a0000000, 0x00000000a5500000, 0x00000000e0000000)
  object space 87040K, 18% used [0x00000000a0000000,0x00000000a0fe2358,0x00000000a5500000)
 Metaspace       used 46242K, capacity 47290K, committed 47528K, reserved 1089536K
  class space    used 6244K, capacity 6543K, committed 6568K, reserved 1048576K
Event: 25.002 GC heap after
Heap after GC invocations=11 (full 2):
 PSYoungGen      total 156160K, used 13291K [0x00000000e0000000, 0x00000000edf00000, 0x0000000100000000)
  eden space 142848K, 0% used [0x00000000e0000000,0x00000000e0000000,0x00000000e8b80000)
  from space 13312K, 99% used [0x00000000e8b80000,0x00000000e987af20,0x00000000e9880000)
  to   space 16384K, 0% used [0x00000000ecf00000,0x00000000ecf00000,0x00000000edf00000)
 ParOldGen       total 87040K, used 20617K [0x00000000a0000000, 0x00000000a5500000, 0x00000000e0000000)
  object space 87040K, 23% used [0x00000000a0000000,0x00000000a1422498,0x00000000a5500000)
 Metaspace       used 46242K, capacity 47290K, committed 47528K, reserved 1089536K
  class space    used 6244K, capacity 6543K, committed 6568K, reserved 1048576K
}
Event: 29.869 GC heap before
{Heap before GC invocations=12 (full 2):
 PSYoungGen      total 156160K, used 156139K [0x00000000e0000000, 0x00000000edf00000, 0x0000000100000000)
  eden space 142848K, 100% used [0x00000000e0000000,0x00000000e8b80000,0x00000000e8b80000)
  from space 13312K, 99% used [0x00000000e8b80000,0x00000000e987af20,0x00000000e9880000)
  to   space 16384K, 0% used [0x00000000ecf00000,0x00000000ecf00000,0x00000000edf00000)
 ParOldGen       total 87040K, used 20617K [0x00000000a0000000, 0x00000000a5500000, 0x00000000e0000000)
  object space 87040K, 23% used [0x00000000a0000000,0x00000000a1422498,0x00000000a5500000)
 Metaspace       used 54817K, capacity 56416K, committed 56616K, reserved 1097728K
  class space    used 7437K, capacity 7888K, committed 7976K, reserved 1048576K
Event: 30.053 GC heap after
Heap after GC invocations=12 (full 2):
 PSYoungGen      total 206336K, used 16380K [0x00000000e0000000, 0x00000000eeb80000, 0x0000000100000000)
  eden space 189952K, 0% used [0x00000000e0000000,0x00000000e0000000,0x00000000eb980000)
  from space 16384K, 99% used [0x00000000ecf00000,0x00000000edeff310,0x00000000edf00000)
  to   space 22016K, 0% used [0x00000000eb980000,0x00000000eb980000,0x00000000ecf00000)
 ParOldGen       total 87040K, used 29403K [0x00000000a0000000, 0x00000000a5500000, 0x00000000e0000000)
  object space 87040K, 33% used [0x00000000a0000000,0x00000000a1cb6ed0,0x00000000a5500000)
 Metaspace       used 54817K, capacity 56416K, committed 56616K, reserved 1097728K
  class space    used 7437K, capacity 7888K, committed 7976K, reserved 1048576K
}
Event: 32.159 GC heap before
{Heap before GC invocations=13 (full 2):
 PSYoungGen      total 206336K, used 57875K [0x00000000e0000000, 0x00000000eeb80000, 0x0000000100000000)
  eden space 189952K, 21% used [0x00000000e0000000,0x00000000e2885a48,0x00000000eb980000)
  from space 16384K, 99% used [0x00000000ecf00000,0x00000000edeff310,0x00000000edf00000)
  to   space 22016K, 0% used [0x00000000eb980000,0x00000000eb980000,0x00000000ecf00000)
 ParOldGen       total 87040K, used 29403K [0x00000000a0000000, 0x00000000a5500000, 0x00000000e0000000)
  object space 87040K, 33% used [0x00000000a0000000,0x00000000a1cb6ed0,0x00000000a5500000)
 Metaspace       used 57268K, capacity 59058K, committed 59160K, reserved 1099776K
  class space    used 7839K, capacity 8303K, committed 8360K, reserved 1048576K
Event: 32.332 GC heap after
Heap after GC invocations=13 (full 2):
 PSYoungGen      total 211968K, used 20444K [0x00000000e0000000, 0x00000000f3800000, 0x0000000100000000)
  eden space 189952K, 0% used [0x00000000e0000000,0x00000000e0000000,0x00000000eb980000)
  from space 22016K, 92% used [0x00000000eb980000,0x00000000ecd77240,0x00000000ecf00000)
  to   space 24576K, 0% used [0x00000000f2000000,0x00000000f2000000,0x00000000f3800000)
 ParOldGen       total 87040K, used 29411K [0x00000000a0000000, 0x00000000a5500000, 0x00000000e0000000)
  object space 87040K, 33% used [0x00000000a0000000,0x00000000a1cb8ed0,0x00000000a5500000)
 Metaspace       used 57268K, capacity 59058K, committed 59160K, reserved 1099776K
  class space    used 7839K, capacity 8303K, committed 8360K, reserved 1048576K
}
Event: 32.332 GC heap before
{Heap before GC invocations=14 (full 3):
 PSYoungGen      total 211968K, used 20444K [0x00000000e0000000, 0x00000000f3800000, 0x0000000100000000)
  eden space 189952K, 0% used [0x00000000e0000000,0x00000000e0000000,0x00000000eb980000)
  from space 22016K, 92% used [0x00000000eb980000,0x00000000ecd77240,0x00000000ecf00000)
  to   space 24576K, 0% used [0x00000000f2000000,0x00000000f2000000,0x00000000f3800000)
 ParOldGen       total 87040K, used 29411K [0x00000000a0000000, 0x00000000a5500000, 0x00000000e0000000)
  object space 87040K, 33% used [0x00000000a0000000,0x00000000a1cb8ed0,0x00000000a5500000)
 Metaspace       used 57268K, capacity 59058K, committed 59160K, reserved 1099776K
  class space    used 7839K, capacity 8303K, committed 8360K, reserved 1048576K
Event: 33.229 GC heap after
Heap after GC invocations=14 (full 3):
 PSYoungGen      total 211968K, used 0K [0x00000000e0000000, 0x00000000f3800000, 0x0000000100000000)
  eden space 189952K, 0% used [0x00000000e0000000,0x00000000e0000000,0x00000000eb980000)
  from space 22016K, 0% used [0x00000000eb980000,0x00000000eb980000,0x00000000ecf00000)
  to   space 24576K, 0% used [0x00000000f2000000,0x00000000f2000000,0x00000000f3800000)
 ParOldGen       total 130048K, used 37736K [0x00000000a0000000, 0x00000000a7f00000, 0x00000000e0000000)
  object space 130048K, 29% used [0x00000000a0000000,0x00000000a24da1d0,0x00000000a7f00000)
 Metaspace       used 57268K, capacity 59058K, committed 59160K, reserved 1099776K
  class space    used 7839K, capacity 8303K, committed 8360K, reserved 1048576K
}
Event: 39.267 GC heap before
{Heap before GC invocations=15 (full 3):
 PSYoungGen      total 211968K, used 189952K [0x00000000e0000000, 0x00000000f3800000, 0x0000000100000000)
  eden space 189952K, 100% used [0x00000000e0000000,0x00000000eb980000,0x00000000eb980000)
  from space 22016K, 0% used [0x00000000eb980000,0x00000000eb980000,0x00000000ecf00000)
  to   space 24576K, 0% used [0x00000000f2000000,0x00000000f2000000,0x00000000f3800000)
 ParOldGen       total 130048K, used 37736K [0x00000000a0000000, 0x00000000a7f00000, 0x00000000e0000000)
  object space 130048K, 29% used [0x00000000a0000000,0x00000000a24da1d0,0x00000000a7f00000)
 Metaspace       used 63052K, capacity 65386K, committed 65576K, reserved 1105920K
  class space    used 8604K, capacity 9162K, committed 9256K, reserved 1048576K
Event: 39.308 GC heap after
Heap after GC invocations=15 (full 3):
 PSYoungGen      total 261120K, used 16790K [0x00000000e0000000, 0x00000000f3080000, 0x0000000100000000)
  eden space 244224K, 0% used [0x00000000e0000000,0x00000000e0000000,0x00000000eee80000)
  from space 16896K, 99% used [0x00000000f2000000,0x00000000f3065ae8,0x00000000f3080000)
  to   space 25088K, 0% used [0x00000000eff80000,0x00000000eff80000,0x00000000f1800000)
 ParOldGen       total 130048K, used 37744K [0x00000000a0000000, 0x00000000a7f00000, 0x00000000e0000000)
  object space 130048K, 29% used [0x00000000a0000000,0x00000000a24dc1d0,0x00000000a7f00000)
 Metaspace       used 63052K, capacity 65386K, committed 65576K, reserved 1105920K
  class space    used 8604K, capacity 9162K, committed 9256K, reserved 1048576K
}

